<?xml version="1.0" encoding="UTF-8"?>
<!-- Generated by org.testng.reporters.JUnitReportReporter -->
<testsuite hostname="DESKTOP-8T8S9A5" name="Demo.testngDemo.qsp.Demo2" tests="2" failures="0" timestamp="3 Feb 2021 10:53:37 GMT" time="0.015" errors="0">
  <testcase name="tc2" time="0.007" classname="Demo.testngDemo.qsp.Demo2"/>
  <testcase name="tc1" time="0.008" classname="Demo.testngDemo.qsp.Demo2"/>
</testsuite> <!-- Demo.testngDemo.qsp.Demo2 -->
