<?xml version="1.0" encoding="UTF-8"?>
<!-- Generated by org.testng.reporters.JUnitReportReporter -->
<testsuite hostname="DESKTOP-8T8S9A5" name="Demo.testngDemo.qsp.Parallel2" tests="1" failures="0" timestamp="5 Feb 2021 10:51:04 GMT" time="14.792" errors="0">
  <testcase name="TC2" time="14.792" classname="Demo.testngDemo.qsp.Parallel2"/>
</testsuite> <!-- Demo.testngDemo.qsp.Parallel2 -->
