<?xml version="1.0" encoding="UTF-8"?>
<!-- Generated by org.testng.reporters.JUnitReportReporter -->
<testsuite hostname="DESKTOP-8T8S9A5" name="Demo.testngDemo.qsp.Demo3" tests="7" failures="0" timestamp="3 Feb 2021 12:34:25 GMT" time="0.047" errors="0">
  <testcase name="tc3" time="0.002" classname="Demo.testngDemo.qsp.Demo3"/>
  <testcase name="tc7" time="0.002" classname="Demo.testngDemo.qsp.Demo3"/>
  <testcase name="tc1" time="0.002" classname="Demo.testngDemo.qsp.Demo3"/>
  <testcase name="tc4" time="0.002" classname="Demo.testngDemo.qsp.Demo3"/>
  <testcase name="tc5" time="0.002" classname="Demo.testngDemo.qsp.Demo3"/>
  <testcase name="tc6" time="0.035" classname="Demo.testngDemo.qsp.Demo3"/>
  <testcase name="tc2" time="0.002" classname="Demo.testngDemo.qsp.Demo3"/>
</testsuite> <!-- Demo.testngDemo.qsp.Demo3 -->
