<?xml version="1.0" encoding="UTF-8"?>
<!-- Generated by org.testng.reporters.JUnitReportReporter -->
<testsuite hostname="DESKTOP-8T8S9A5" name="Demo.testngDemo.qsp.Parallel1" tests="2" failures="0" timestamp="5 Feb 2021 10:51:04 GMT" time="34.221" errors="0">
  <testcase name="TC2" time="15.739" classname="Demo.testngDemo.qsp.Parallel1"/>
  <testcase name="TC1" time="18.482" classname="Demo.testngDemo.qsp.Parallel1"/>
</testsuite> <!-- Demo.testngDemo.qsp.Parallel1 -->
