<?xml version="1.0" encoding="UTF-8"?>
<!-- Generated by org.testng.reporters.JUnitReportReporter -->
<testsuite hostname="DESKTOP-8T8S9A5" name="Demo.testngDemo.qsp.Demo" tests="1" failures="0" timestamp="4 Feb 2021 12:25:13 GMT" time="21.212" errors="0">
  <testcase name="tc_1" time="21.212" classname="Demo.testngDemo.qsp.Demo"/>
</testsuite> <!-- Demo.testngDemo.qsp.Demo -->
