<?xml version="1.0" encoding="UTF-8"?>
<!-- Generated by org.testng.reporters.JUnitReportReporter -->
<testsuite hostname="DESKTOP-8T8S9A5" name="Demo.testngDemo.qsp.DemoReadDataP" tests="4" failures="0" timestamp="4 Feb 2021 10:48:20 GMT" time="0.026" errors="0">
  <testcase name="tc" time="0.003" classname="Demo.testngDemo.qsp.DemoReadDataP"/>
  <testcase name="tc" time="0.007" classname="Demo.testngDemo.qsp.DemoReadDataP"/>
  <testcase name="tc" time="0.004" classname="Demo.testngDemo.qsp.DemoReadDataP"/>
  <testcase name="tc" time="0.012" classname="Demo.testngDemo.qsp.DemoReadDataP"/>
</testsuite> <!-- Demo.testngDemo.qsp.DemoReadDataP -->
