<?xml version="1.0" encoding="UTF-8"?>
<!-- Generated by org.testng.reporters.JUnitReportReporter -->
<testsuite hostname="DESKTOP-8T8S9A5" name="Demo.testngDemo.qsp.DemoDataProvider" tests="3" failures="0" timestamp="4 Feb 2021 10:29:06 GMT" time="0.026" errors="0">
  <testcase name="tc" time="0.001" classname="Demo.testngDemo.qsp.DemoDataProvider"/>
  <testcase name="tc" time="0.001" classname="Demo.testngDemo.qsp.DemoDataProvider"/>
  <testcase name="tc" time="0.024" classname="Demo.testngDemo.qsp.DemoDataProvider"/>
</testsuite> <!-- Demo.testngDemo.qsp.DemoDataProvider -->
