<?xml version="1.0" encoding="UTF-8"?>
<!-- Generated by org.testng.reporters.JUnitReportReporter -->
<testsuite hostname="DESKTOP-8T8S9A5" name="Demo.testngDemo.qsp.DemoCross" tests="2" failures="0" timestamp="5 Feb 2021 11:17:18 GMT" time="39.945" errors="0">
  <testcase name="TC_01" time="16.674" classname="Demo.testngDemo.qsp.DemoCross"/>
  <testcase name="TC_01" time="23.271" classname="Demo.testngDemo.qsp.DemoCross"/>
</testsuite> <!-- Demo.testngDemo.qsp.DemoCross -->
